# JRE version: OpenJDK Runtime Environment (8.0_242-b01) (build 1.8.0_242-release-1644-b01)
# Java VM: OpenJDK 64-Bit Server VM (25.242-b01 mixed mode windows-amd64 compressed oops)
Heap:
 PSYoungGen      total 247808K, used 115933K [0x00000000d5580000, 0x00000000ee200000, 0x0000000100000000)
  eden space 233472K, 43% used [0x00000000d5580000,0x00000000db8bc300,0x00000000e3980000)
  from space 14336K, 99% used [0x00000000e3980000,0x00000000e477b388,0x00000000e4780000)
  to   space 20992K, 72% used [0x00000000ecd80000,0x00000000edc507f8,0x00000000ee200000)
 ParOldGen       total 129536K, used 24019K [0x0000000080000000, 0x0000000087e80000, 0x00000000d5580000)
  object space 129536K, 18% used [0x0000000080000000,0x0000000081774ce8,0x0000000087e80000)
 Metaspace       used 56552K, capacity 58956K, committed 59096K, reserved 1099776K
  class space    used 7446K, capacity 7944K, committed 8064K, reserved 1048576K
GC Heap History (10 events):
Event: 5.470 GC heap after
Heap after GC invocations=5 (full 1):
 PSYoungGen      total 131584K, used 0K [0x00000000d5580000, 0x00000000dea80000, 0x0000000100000000)
  eden space 129536K, 0% used [0x00000000d5580000,0x00000000d5580000,0x00000000dd400000)
  from space 2048K, 0% used [0x00000000dde80000,0x00000000dde80000,0x00000000de080000)
  to   space 10752K, 0% used [0x00000000dd400000,0x00000000dd400000,0x00000000dde80000)
 ParOldGen       total 89600K, used 7051K [0x0000000080000000, 0x0000000085780000, 0x00000000d5580000)
  object space 89600K, 7% used [0x0000000080000000,0x00000000806e2d40,0x0000000085780000)
 Metaspace       used 20542K, capacity 21232K, committed 21296K, reserved 1067008K
  class space    used 2856K, capacity 3040K, committed 3072K, reserved 1048576K
}
Event: 7.021 GC heap before
{Heap before GC invocations=6 (full 1):
 PSYoungGen      total 131584K, used 129536K [0x00000000d5580000, 0x00000000dea80000, 0x0000000100000000)
  eden space 129536K, 100% used [0x00000000d5580000,0x00000000dd400000,0x00000000dd400000)
  from space 2048K, 0% used [0x00000000dde80000,0x00000000dde80000,0x00000000de080000)
  to   space 10752K, 0% used [0x00000000dd400000,0x00000000dd400000,0x00000000dde80000)
 ParOldGen       total 89600K, used 7051K [0x0000000080000000, 0x0000000085780000, 0x00000000d5580000)
  object space 89600K, 7% used [0x0000000080000000,0x00000000806e2d40,0x0000000085780000)
 Metaspace       used 32350K, capacity 33542K, committed 33664K, reserved 1079296K
  class space    used 4371K, capacity 4694K, committed 4736K, reserved 1048576K
Event: 7.072 GC heap after
Heap after GC invocations=6 (full 1):
 PSYoungGen      total 140288K, used 10721K [0x00000000d5580000, 0x00000000e5a80000, 0x0000000100000000)
  eden space 129536K, 0% used [0x00000000d5580000,0x00000000d5580000,0x00000000dd400000)
  from space 10752K, 99% used [0x00000000dd400000,0x00000000dde78748,0x00000000dde80000)
  to   space 15360K, 0% used [0x00000000e4b80000,0x00000000e4b80000,0x00000000e5a80000)
 ParOldGen       total 89600K, used 9310K [0x0000000080000000, 0x0000000085780000, 0x00000000d5580000)
  object space 89600K, 10% used [0x0000000080000000,0x0000000080917800,0x0000000085780000)
 Metaspace       used 32350K, capacity 33542K, committed 33664K, reserved 1079296K
  class space    used 4371K, capacity 4694K, committed 4736K, reserved 1048576K
}
Event: 7.796 GC heap before
{Heap before GC invocations=7 (full 1):
 PSYoungGen      total 140288K, used 47382K [0x00000000d5580000, 0x00000000e5a80000, 0x0000000100000000)
  eden space 129536K, 28% used [0x00000000d5580000,0x00000000d794d418,0x00000000dd400000)
  from space 10752K, 99% used [0x00000000dd400000,0x00000000dde78748,0x00000000dde80000)
  to   space 15360K, 0% used [0x00000000e4b80000,0x00000000e4b80000,0x00000000e5a80000)
 ParOldGen       total 89600K, used 9310K [0x0000000080000000, 0x0000000085780000, 0x00000000d5580000)
  object space 89600K, 10% used [0x0000000080000000,0x0000000080917800,0x0000000085780000)
 Metaspace       used 34068K, capacity 35326K, committed 35456K, reserved 1079296K
  class space    used 4584K, capacity 4884K, committed 4992K, reserved 1048576K
Event: 7.805 GC heap after
Heap after GC invocations=7 (full 1):
 PSYoungGen      total 243712K, used 8538K [0x00000000d5580000, 0x00000000e5580000, 0x0000000100000000)
  eden space 233472K, 0% used [0x00000000d5580000,0x00000000d5580000,0x00000000e3980000)
  from space 10240K, 83% used [0x00000000e4b80000,0x00000000e53d6a58,0x00000000e5580000)
  to   space 14336K, 0% used [0x00000000e3980000,0x00000000e3980000,0x00000000e4780000)
 ParOldGen       total 89600K, used 9318K [0x0000000080000000, 0x0000000085780000, 0x00000000d5580000)
  object space 89600K, 10% used [0x0000000080000000,0x0000000080919800,0x0000000085780000)
 Metaspace       used 34068K, capacity 35326K, committed 35456K, reserved 1079296K
  class space    used 4584K, capacity 4884K, committed 4992K, reserved 1048576K
}
Event: 7.805 GC heap before
{Heap before GC invocations=8 (full 2):
 PSYoungGen      total 243712K, used 8538K [0x00000000d5580000, 0x00000000e5580000, 0x0000000100000000)
  eden space 233472K, 0% used [0x00000000d5580000,0x00000000d5580000,0x00000000e3980000)
  from space 10240K, 83% used [0x00000000e4b80000,0x00000000e53d6a58,0x00000000e5580000)
  to   space 14336K, 0% used [0x00000000e3980000,0x00000000e3980000,0x00000000e4780000)
 ParOldGen       total 89600K, used 9318K [0x0000000080000000, 0x0000000085780000, 0x00000000d5580000)
  object space 89600K, 10% used [0x0000000080000000,0x0000000080919800,0x0000000085780000)
 Metaspace       used 34068K, capacity 35326K, committed 35456K, reserved 1079296K
  class space    used 4584K, capacity 4884K, committed 4992K, reserved 1048576K
Event: 7.869 GC heap after
Heap after GC invocations=8 (full 2):
 PSYoungGen      total 243712K, used 0K [0x00000000d5580000, 0x00000000e5580000, 0x0000000100000000)
  eden space 233472K, 0% used [0x00000000d5580000,0x00000000d5580000,0x00000000e3980000)
  from space 10240K, 0% used [0x00000000e4b80000,0x00000000e4b80000,0x00000000e5580000)
  to   space 14336K, 0% used [0x00000000e3980000,0x00000000e3980000,0x00000000e4780000)
 ParOldGen       total 129536K, used 15014K [0x0000000080000000, 0x0000000087e80000, 0x00000000d5580000)
  object space 129536K, 11% used [0x0000000080000000,0x0000000080ea9b90,0x0000000087e80000)
 Metaspace       used 34068K, capacity 35326K, committed 35456K, reserved 1079296K
  class space    used 4584K, capacity 4884K, committed 4992K, reserved 1048576K
}
Event: 10.608 GC heap before
{Heap before GC invocations=9 (full 2):
 PSYoungGen      total 243712K, used 233226K [0x00000000d5580000, 0x00000000e5580000, 0x0000000100000000)
  eden space 233472K, 99% used [0x00000000d5580000,0x00000000e3942b30,0x00000000e3980000)
  from space 10240K, 0% used [0x00000000e4b80000,0x00000000e4b80000,0x00000000e5580000)
  to   space 14336K, 0% used [0x00000000e3980000,0x00000000e3980000,0x00000000e4780000)
 ParOldGen       total 129536K, used 15014K [0x0000000080000000, 0x0000000087e80000, 0x00000000d5580000)
  object space 129536K, 11% used [0x0000000080000000,0x0000000080ea9b90,0x0000000087e80000)
 Metaspace       used 49777K, capacity 51960K, committed 52224K, reserved 1093632K
  class space    used 6631K, capacity 7072K, committed 7168K, reserved 1048576K
Event: 10.635 GC heap after
Heap after GC invocations=9 (full 2):
 PSYoungGen      total 247808K, used 14316K [0x00000000d5580000, 0x00000000ee200000, 0x0000000100000000)
  eden space 233472K, 0% used [0x00000000d5580000,0x00000000d5580000,0x00000000e3980000)
  from space 14336K, 99% used [0x00000000e3980000,0x00000000e477b388,0x00000000e4780000)
  to   space 20992K, 0% used [0x00000000ecd80000,0x00000000ecd80000,0x00000000ee200000)
 ParOldGen       total 129536K, used 24019K [0x0000000080000000, 0x0000000087e80000, 0x00000000d5580000)
  object space 129536K, 18% used [0x0000000080000000,0x0000000081774ce8,0x0000000087e80000)
 Metaspace       used 49777K, capacity 51960K, committed 52224K, reserved 1093632K
  class space    used 6631K, capacity 7072K, committed 7168K, reserved 1048576K
}
Event: 11.738 GC heap before
{Heap before GC invocations=10 (full 2):
 PSYoungGen      total 247808K, used 115933K [0x00000000d5580000, 0x00000000ee200000, 0x0000000100000000)
  eden space 233472K, 43% used [0x00000000d5580000,0x00000000db8bc300,0x00000000e3980000)
  from space 14336K, 99% used [0x00000000e3980000,0x00000000e477b388,0x00000000e4780000)
  to   space 20992K, 0% used [0x00000000ecd80000,0x00000000ecd80000,0x00000000ee200000)
 ParOldGen       total 129536K, used 24019K [0x0000000080000000, 0x0000000087e80000, 0x00000000d5580000)
  object space 129536K, 18% used [0x0000000080000000,0x0000000081774ce8,0x0000000087e80000)
 Metaspace       used 56552K, capacity 58956K, committed 59096K, reserved 1099776K
  class space    used 7446K, capacity 7944K, committed 8064K, reserved 1048576K

